<?xml version="1.0" encoding="UTF-8"?>
<!-- Generated by org.testng.reporters.JUnitReportReporter -->
<testsuite hostname="DESKTOP-FD4ABG7" failures="0" tests="1" name="basicsOfRestAssured.ComplexJsonPhrase" time="1.431" errors="0" timestamp="2025-04-30T08:46:11 IST" skipped="0">
  <testcase classname="basicsOfRestAssured.ComplexJsonPhrase" name="complexJsonPharse" time="1.431"/>
  <system-out>
    <![CDATA[3
910
Cypress
Selenium Python
50
50
6
300
300
Cypress
40
40
4
4
160
460
RPA
45
45
10
450
910
purchaseAmount is equal to the totalPurchaseAmount]]>
  </system-out>
</testsuite> <!-- basicsOfRestAssured.ComplexJsonPhrase -->
