<?xml version="1.0" encoding="UTF-8"?>
<!-- Generated by org.testng.reporters.JUnitReportReporter -->
<testsuite hostname="DESKTOP-FD4ABG7" failures="0" tests="3" name="basicsOfRestAssured.DynamicJson" time="2.585" errors="0" timestamp="2025-04-09T14:59:14 IST" skipped="0">
  <testcase classname="basicsOfRestAssured.DynamicJson" name="addBook" time="0.228"/>
  <system-out>
    <![CDATA[def3345]]>
  </system-out>
  <testcase classname="basicsOfRestAssured.DynamicJson" name="addBook" time="2.150"/>
  <system-out>
    <![CDATA[bcd1123]]>
  </system-out>
  <testcase classname="basicsOfRestAssured.DynamicJson" name="addBook" time="0.207"/>
  <system-out>
    <![CDATA[cde2234]]>
  </system-out>
</testsuite> <!-- basicsOfRestAssured.DynamicJson -->
