<?xml version="1.0" encoding="UTF-8"?>
<!-- Generated by org.testng.reporters.JUnitReportReporter -->
<testsuite hostname="DESKTOP-FD4ABG7" failures="0" tests="1" name="basicsOfRestAssured.HttpRequests" time="3.254" errors="0" timestamp="2025-04-08T07:49:52 IST" skipped="0">
  <testcase classname="basicsOfRestAssured.HttpRequests" name="httpMethodsPost" time="3.254"/>
  <system-out>
    <![CDATA[{"status":"OK","place_id":"12a916fc37605de414ed10686a022fcc","scope":"APP","reference":"451b53213fb8efd147cfc42d352456f2451b53213fb8efd147cfc42d352456f2","id":"451b53213fb8efd147cfc42d352456f2"}
12a916fc37605de414ed10686a022fcc
{"location":{"latitude":"-38.383494","longitude":"33.427362"},"accuracy":"50","name":"Rahul Shetty Academy","phone_number":"(+91) 983 893 3937","address":"Vizag RK, India","types":"shoe park,shop","website":"http:\/\/rahulshettyacademy.com","language":"French-IN"}]]>
  </system-out>
</testsuite> <!-- basicsOfRestAssured.HttpRequests -->
