<?xml version="1.0" encoding="UTF-8"?>
<!-- Generated by org.testng.reporters.JUnitReportReporter -->
<testsuite hostname="DESKTOP-FD4ABG7" failures="0" tests="1" name="ecomerceAPItest.E2eFlowOfEcom" time="3.135" errors="0" timestamp="2025-06-30T16:24:56 IST" skipped="0">
  <testcase classname="ecomerceAPItest.E2eFlowOfEcom" name="login" time="3.135"/>
  <system-out>
    <![CDATA[eyJhbGciOiJIUzI1NiIsInR5cCI6IkpXVCJ9.eyJfaWQiOiI2ODIzMzg1MmZkMmFmMWM5OWUxZTQ5NGMiLCJ1c2VyRW1haWwiOiJyZXN0YXNzcmVkQGdtYWlsLmNvbSIsInVzZXJNb2JpbGUiOjk4NzY1NDMyMTAsInVzZXJSb2xlIjoiY3VzdG9tZXIiLCJpYXQiOjE3NTEyODA4OTQsImV4cCI6MTc4MjgzODQ5NH0._xHhv7YbpaMAzgvoEQFsMEyD-lRRZim72R3YC3dPkwI
68233852fd2af1c99e1e494c
Login Successfully
null
{"productId":"68626cfe129e250258c18c89","message":"Product Added Successfully"}]]>
  </system-out>
</testsuite> <!-- ecomerceAPItest.E2eFlowOfEcom -->
