<?xml version="1.0" encoding="UTF-8"?>
<!-- Generated by org.testng.reporters.JUnitReportReporter -->
<testsuite hostname="DESKTOP-FD4ABG7" failures="0" tests="1" name="basicsOfRestAssured.JiraReportBug" time="6.195" errors="0" timestamp="2025-04-25T16:50:19 IST" skipped="0">
  <testcase classname="basicsOfRestAssured.JiraReportBug" name="createBug" time="6.195"/>
  <system-out>
    <![CDATA[10066]]>
  </system-out>
</testsuite> <!-- basicsOfRestAssured.JiraReportBug -->
