<?xml version="1.0" encoding="UTF-8"?>
<!-- Generated by org.testng.reporters.JUnitReportReporter -->
<testsuite hostname="DESKTOP-FD4ABG7" failures="0" tests="1" name="pojoClasses.SerializationTest" time="2.142" errors="0" timestamp="2025-05-08T14:31:43 IST" skipped="0">
  <testcase classname="pojoClasses.SerializationTest" name="addPlace" time="2.142"/>
  <system-out/>
</testsuite> <!-- pojoClasses.SerializationTest -->
